<html>
<head>
<title>TestNG:  Test</title>
<link href="../testng.css" rel="stylesheet" type="text/css" />
<link href="../my-testng.css" rel="stylesheet" type="text/css" />

<style type="text/css">
.log { display: none;} 
.stack-trace { display: none;} 
</style>
<script type="text/javascript">
<!--
function flip(e) {
  current = e.style.display;
  if (current == 'block') {
    e.style.display = 'none';
    return 0;
  }
  else {
    e.style.display = 'block';
    return 1;
  }
}

function toggleBox(szDivId, elem, msg1, msg2)
{
  var res = -1;  if (document.getElementById) {
    res = flip(document.getElementById(szDivId));
  }
  else if (document.all) {
    // this is the way old msie versions work
    res = flip(document.all[szDivId]);
  }
  if(elem) {
    if(res == 0) elem.innerHTML = msg1; else elem.innerHTML = msg2;
  }

}

function toggleAllBoxes() {
  if (document.getElementsByTagName) {
    d = document.getElementsByTagName('div');
    for (i = 0; i < d.length; i++) {
      if (d[i].className == 'log') {
        flip(d[i]);
      }
    }
  }
}

// -->
</script>

</head>
<body>
<h2 align='center'>Test</h2><table border='1' align="center">
<tr>
<td>Tests passed/Failed/Skipped:</td><td>6/2/0</td>
</tr><tr>
<td>Started on:</td><td>Fri Apr 18 21:04:54 IST 2025</td>
</tr>
<tr><td>Total time:</td><td>101 seconds (101798 ms)</td>
</tr><tr>
<td>Included groups:</td><td></td>
</tr><tr>
<td>Excluded groups:</td><td></td>
</tr>
</table><p/>
<small><i>(Hover the method name to see the test class name)</i></small><p/>
<table width='100%' border='1' class='invocation-failed'>
<tr><td colspan='4' align='center'><b>FAILED TESTS</b></td></tr>
<tr><td><b>Test method</b></td>
<td><b>Attribute(s)</b></td>
<td width="30%"><b>Exception</b></td>
<td width="10%"><b>Time (seconds)</b></td>
<td><b>Instance</b></td>
</tr>
<tr>
<td title='runner.Runner.runScenario()'><b>runScenario</b><br>Test class: runner.Runner<br>Test method: Runs Cucumber Scenarios<br>Parameters: "Verify that Terms of Use page opened when user clicks on the Terms of Use link", "Signup and login popup"</td>
<td><div><pre>org.openqa.selenium.TimeoutException: Expected condition failed: waiting for url to contain &quot;terms&quot;. Current url: &quot;https://www.flipkart.com/account/login?ret=/&quot; (tried for 15 second(s) with 500 milliseconds interval)
Build info: version: &apos;4.28.1&apos;, revision: &apos;73f5ad48a2&apos;
System info: os.name: &apos;Windows 11&apos;, os.arch: &apos;amd64&apos;, os.version: &apos;10.0&apos;, java.version: &apos;21.0.4&apos;
Driver info: org.openqa.selenium.chrome.ChromeDriver
Capabilities {acceptInsecureCerts: false, browserName: chrome, browserVersion: 135.0.7049.85, chrome: {chromedriverVersion: 135.0.7049.95 (de2eb485a195..., userDataDir: C:\Users\CHANDA~1\AppData\L...}, fedcm:accounts: true, goog:chromeOptions: {debuggerAddress: localhost:60659}, networkConnectionEnabled: false, pageLoadStrategy: normal, platformName: windows, proxy: Proxy(), se:cdp: ws://localhost:60659/devtoo..., se:cdpVersion: 135.0.7049.85, setWindowRect: true, strictFileInteractability: false, timeouts: {implicit: 0, pageLoad: 300000, script: 30000}, unhandledPromptBehavior: dismiss and notify, webauthn:extension:credBlob: true, webauthn:extension:largeBlob: true, webauthn:extension:minPinLength: true, webauthn:extension:prf: true, webauthn:virtualAuthenticators: true}
Session ID: 6111dcedf76819f7eb420c44fb71acd7
	at org.openqa.selenium.support.ui.WebDriverWait.timeoutException(WebDriverWait.java:84)
	at org.openqa.selenium.support.ui.FluentWait.until(FluentWait.java:228)
	at stepDefinations.LoginpopupTest.terms_page_should_open(LoginpopupTest.java:83)
	at ✽.Terms page should open(file:///D:/Project/flipkart/src/test/resources/features/loginPopup.feature:22)
</pre></div><a href='#' onClick='toggleBox("stack-trace855277727", this, "Click to show all stack frames", "Click to hide stack frames")'>Click to show all stack frames</a>
<div class='stack-trace' id='stack-trace855277727'><pre>org.openqa.selenium.TimeoutException: Expected condition failed: waiting for url to contain &quot;terms&quot;. Current url: &quot;https://www.flipkart.com/account/login?ret=/&quot; (tried for 15 second(s) with 500 milliseconds interval)
Build info: version: &apos;4.28.1&apos;, revision: &apos;73f5ad48a2&apos;
System info: os.name: &apos;Windows 11&apos;, os.arch: &apos;amd64&apos;, os.version: &apos;10.0&apos;, java.version: &apos;21.0.4&apos;
Driver info: org.openqa.selenium.chrome.ChromeDriver
Capabilities {acceptInsecureCerts: false, browserName: chrome, browserVersion: 135.0.7049.85, chrome: {chromedriverVersion: 135.0.7049.95 (de2eb485a195..., userDataDir: C:\Users\CHANDA~1\AppData\L...}, fedcm:accounts: true, goog:chromeOptions: {debuggerAddress: localhost:60659}, networkConnectionEnabled: false, pageLoadStrategy: normal, platformName: windows, proxy: Proxy(), se:cdp: ws://localhost:60659/devtoo..., se:cdpVersion: 135.0.7049.85, setWindowRect: true, strictFileInteractability: false, timeouts: {implicit: 0, pageLoad: 300000, script: 30000}, unhandledPromptBehavior: dismiss and notify, webauthn:extension:credBlob: true, webauthn:extension:largeBlob: true, webauthn:extension:minPinLength: true, webauthn:extension:prf: true, webauthn:virtualAuthenticators: true}
Session ID: 6111dcedf76819f7eb420c44fb71acd7
	at org.openqa.selenium.support.ui.WebDriverWait.timeoutException(WebDriverWait.java:84)
	at org.openqa.selenium.support.ui.FluentWait.until(FluentWait.java:228)
	at stepDefinations.LoginpopupTest.terms_page_should_open(LoginpopupTest.java:83)
	at ✽.Terms page should open(file:///D:/Project/flipkart/src/test/resources/features/loginPopup.feature:22)
</pre></div></td>
<td>23</td>
<td>runner.Runner@9f116cc</td></tr>
<tr>
<td title='runner.Runner.runScenario()'><b>runScenario</b><br>Test class: runner.Runner<br>Test method: Runs Cucumber Scenarios<br>Parameters: "Verify that Privacy Policy page opened when user clicks on the Privacy Policy link", "Signup and login popup"</td>
<td><div><pre>org.openqa.selenium.TimeoutException: Expected condition failed: waiting for url to contain &quot;privacypolicy&quot;. Current url: &quot;https://www.flipkart.com/account/login?ret=/&quot; (tried for 15 second(s) with 500 milliseconds interval)
Build info: version: &apos;4.28.1&apos;, revision: &apos;73f5ad48a2&apos;
System info: os.name: &apos;Windows 11&apos;, os.arch: &apos;amd64&apos;, os.version: &apos;10.0&apos;, java.version: &apos;21.0.4&apos;
Driver info: org.openqa.selenium.chrome.ChromeDriver
Capabilities {acceptInsecureCerts: false, browserName: chrome, browserVersion: 135.0.7049.85, chrome: {chromedriverVersion: 135.0.7049.95 (de2eb485a195..., userDataDir: C:\Users\CHANDA~1\AppData\L...}, fedcm:accounts: true, goog:chromeOptions: {debuggerAddress: localhost:60731}, networkConnectionEnabled: false, pageLoadStrategy: normal, platformName: windows, proxy: Proxy(), se:cdp: ws://localhost:60731/devtoo..., se:cdpVersion: 135.0.7049.85, setWindowRect: true, strictFileInteractability: false, timeouts: {implicit: 0, pageLoad: 300000, script: 30000}, unhandledPromptBehavior: dismiss and notify, webauthn:extension:credBlob: true, webauthn:extension:largeBlob: true, webauthn:extension:minPinLength: true, webauthn:extension:prf: true, webauthn:virtualAuthenticators: true}
Session ID: 965632e568b7bd6d410b20f48df58c0e
	at org.openqa.selenium.support.ui.WebDriverWait.timeoutException(WebDriverWait.java:84)
	at org.openqa.selenium.support.ui.FluentWait.until(FluentWait.java:228)
	at stepDefinations.LoginpopupTest.privacy_policy_page_should_open(LoginpopupTest.java:98)
	at ✽.Privacy Policy page should open(file:///D:/Project/flipkart/src/test/resources/features/loginPopup.feature:27)
</pre></div><a href='#' onClick='toggleBox("stack-trace829082549", this, "Click to show all stack frames", "Click to hide stack frames")'>Click to show all stack frames</a>
<div class='stack-trace' id='stack-trace829082549'><pre>org.openqa.selenium.TimeoutException: Expected condition failed: waiting for url to contain &quot;privacypolicy&quot;. Current url: &quot;https://www.flipkart.com/account/login?ret=/&quot; (tried for 15 second(s) with 500 milliseconds interval)
Build info: version: &apos;4.28.1&apos;, revision: &apos;73f5ad48a2&apos;
System info: os.name: &apos;Windows 11&apos;, os.arch: &apos;amd64&apos;, os.version: &apos;10.0&apos;, java.version: &apos;21.0.4&apos;
Driver info: org.openqa.selenium.chrome.ChromeDriver
Capabilities {acceptInsecureCerts: false, browserName: chrome, browserVersion: 135.0.7049.85, chrome: {chromedriverVersion: 135.0.7049.95 (de2eb485a195..., userDataDir: C:\Users\CHANDA~1\AppData\L...}, fedcm:accounts: true, goog:chromeOptions: {debuggerAddress: localhost:60731}, networkConnectionEnabled: false, pageLoadStrategy: normal, platformName: windows, proxy: Proxy(), se:cdp: ws://localhost:60731/devtoo..., se:cdpVersion: 135.0.7049.85, setWindowRect: true, strictFileInteractability: false, timeouts: {implicit: 0, pageLoad: 300000, script: 30000}, unhandledPromptBehavior: dismiss and notify, webauthn:extension:credBlob: true, webauthn:extension:largeBlob: true, webauthn:extension:minPinLength: true, webauthn:extension:prf: true, webauthn:virtualAuthenticators: true}
Session ID: 965632e568b7bd6d410b20f48df58c0e
	at org.openqa.selenium.support.ui.WebDriverWait.timeoutException(WebDriverWait.java:84)
	at org.openqa.selenium.support.ui.FluentWait.until(FluentWait.java:228)
	at stepDefinations.LoginpopupTest.privacy_policy_page_should_open(LoginpopupTest.java:98)
	at ✽.Privacy Policy page should open(file:///D:/Project/flipkart/src/test/resources/features/loginPopup.feature:27)
</pre></div></td>
<td>24</td>
<td>runner.Runner@9f116cc</td></tr>
</table><p>
<table width='100%' border='1' class='invocation-passed'>
<tr><td colspan='4' align='center'><b>PASSED TESTS</b></td></tr>
<tr><td><b>Test method</b></td>
<td><b>Attribute(s)</b></td>
<td width="30%"><b>Exception</b></td>
<td width="10%"><b>Time (seconds)</b></td>
<td><b>Instance</b></td>
</tr>
<tr>
<td title='runner.Runner.runScenario()'><b>runScenario</b><br>Test class: runner.Runner<br>Test method: Runs Cucumber Scenarios<br>Parameters: "Verify that Sign Up interface opens when user clicks on New to Flipkart button", "Signup and login popup"</td>
<td></td>
<td>8</td>
<td>runner.Runner@9f116cc</td></tr>
<tr>
<td title='runner.Runner.runScenario()'><b>runScenario</b><br>Test class: runner.Runner<br>Test method: Runs Cucumber Scenarios<br>Parameters: "Verify that error displayed when user enters eleven digit mobile number", "Signup and login popup"</td>
<td></td>
<td>8</td>
<td>runner.Runner@9f116cc</td></tr>
<tr>
<td title='runner.Runner.runScenario()'><b>runScenario</b><br>Test class: runner.Runner<br>Test method: Runs Cucumber Scenarios<br>Parameters: "Verify that Request OTP button is enabled on the Login popup", "Signup and login popup"</td>
<td></td>
<td>8</td>
<td>runner.Runner@9f116cc</td></tr>
<tr>
<td title='runner.Runner.runScenario()'><b>runScenario</b><br>Test class: runner.Runner<br>Test method: Runs Cucumber Scenarios<br>Parameters: "Verify that Email or mobile number field is present on the Login popup", "Signup and login popup"</td>
<td></td>
<td>8</td>
<td>runner.Runner@9f116cc</td></tr>
<tr>
<td title='runner.Runner.runScenario()'><b>runScenario</b><br>Test class: runner.Runner<br>Test method: Runs Cucumber Scenarios<br>Parameters: "Verify that Terms of Use and Privacy Policy links are present on the Login popup", "Signup and login popup"</td>
<td></td>
<td>7</td>
<td>runner.Runner@9f116cc</td></tr>
<tr>
<td title='runner.Runner.runScenario()'><b>runScenario</b><br>Test class: runner.Runner<br>Test method: Runs Cucumber Scenarios<br>Parameters: "Verify that Login popups open when user clicks on Login button", "Signup and login popup"</td>
<td></td>
<td>9</td>
<td>runner.Runner@9f116cc</td></tr>
</table><p>
</body>
</html>